{
  "RSpec": {
    "coverage": {
      "/Users/simo/Desktop/projects/ruby/bank_tech_test/spec/deposit_funds_spec.rb": [
        1,
        null,
        1,
        null,
        1,
        1,
        null,
        null,
        null
      ],
      "/Users/simo/Desktop/projects/ruby/bank_tech_test/lib/account.rb": [
        1,
        1,
        null,
        1,
        null,
        1,
        1,
        1,
        null,
        null,
        1,
        0,
        0,
        null,
        null,
        1,
        1,
        1,
        1,
        null,
        null,
        1,
        0,
        0,
        null,
        null,
        1,
        1,
        1,
        null,
        null,
        null,
        null,
        null
      ],
      "/Users/simo/Desktop/projects/ruby/bank_tech_test/lib/transaction.rb": [
        1,
        null,
        null,
        1,
        1,
        null,
        null,
        1,
        0,
        null,
        null
      ],
      "/Users/simo/Desktop/projects/ruby/bank_tech_test/lib/statement.rb": [
        1,
        null,
        1,
        3,
        null,
        null,
        1,
        3,
        null,
        null,
        1,
        1,
        null,
        null,
        null
      ],
      "/Users/simo/Desktop/projects/ruby/bank_tech_test/spec/store_transactions_within_statement_spec.rb": [
        1,
        null,
        1,
        null,
        1,
        1,
        null,
        null,
        null
      ],
      "/Users/simo/Desktop/projects/ruby/bank_tech_test/spec/withdraw_funds_spec.rb": [
        1,
        null,
        1,
        null,
        null,
        1,
        1,
        1,
        null,
        null,
        null,
        null
      ]
    },
    "timestamp": 1499785196
  }
}
